[2023-11-22 12:15:48,796 ] 160 numexpr.utils - INFO - NumExpr defaulting to 8 threads.
[2023-11-22 12:15:51,431 ] 25 root - INFO - Entered the data ingestion method or component.
[2023-11-22 12:15:51,438 ] 28 root - INFO - Read the dataset as dataframe
[2023-11-22 12:15:51,444 ] 33 root - INFO - Train test split initiated
[2023-11-22 12:15:51,452 ] 39 root - INFO - Ingestion of the data is completed
[2023-11-22 12:15:51,483 ] 70 root - INFO - Read train and test data completed
[2023-11-22 12:15:51,484 ] 71 root - INFO - Obtaining preprocessing objects
[2023-11-22 12:15:51,484 ] 50 root - INFO - Categorical columns: ['gender', 'race_ethnicity', 'parental_level_of_education', 'lunch', 'test_preparation_course']
[2023-11-22 12:15:51,485 ] 51 root - INFO - Numerical columns: ['writing_score', 'reading_score']
[2023-11-22 12:15:51,489 ] 88 root - INFO - Applying preprocessing object on training dataframe and testing dataframe.
[2023-11-22 12:15:51,517 ] 96 root - INFO - Saved preprocessing object
[2023-11-22 12:23:48,675 ] 160 numexpr.utils - INFO - NumExpr defaulting to 8 threads.
[2023-11-22 12:23:51,097 ] 25 root - INFO - Entered the data ingestion method or component.
[2023-11-22 12:23:51,102 ] 28 root - INFO - Read the dataset as dataframe
[2023-11-22 12:23:51,108 ] 33 root - INFO - Train test split initiated
[2023-11-22 12:23:51,116 ] 39 root - INFO - Ingestion of the data is completed
[2023-11-22 12:23:51,142 ] 70 root - INFO - Read train and test data completed
[2023-11-22 12:23:51,142 ] 71 root - INFO - Obtaining preprocessing objects
[2023-11-22 12:23:51,142 ] 50 root - INFO - Categorical columns: ['gender', 'race_ethnicity', 'parental_level_of_education', 'lunch', 'test_preparation_course']
[2023-11-22 12:23:51,142 ] 51 root - INFO - Numerical columns: ['writing_score', 'reading_score']
[2023-11-22 12:23:51,144 ] 88 root - INFO - Applying preprocessing object on training dataframe and testing dataframe.
[2023-11-22 12:23:51,167 ] 96 root - INFO - Saved preprocessing object
